<?xml version="1.0" encoding="UTF-8"?>
<coverage generated="1656332520845" clover="3.2.0">
  <project timestamp="1656332520845" name="All files">
    <metrics statements="171" coveredstatements="65" conditionals="91" coveredconditionals="22" methods="55" coveredmethods="26" elements="317" coveredelements="113" complexity="0" loc="171" ncloc="171" packages="1" files="11" classes="11"/>
    <file name="App.js" path="C:\Users\VDSte\OneDrive\Desktop\meet\src\App.js">
      <metrics statements="17" coveredstatements="17" conditionals="9" coveredconditionals="9" methods="8" coveredmethods="8"/>
      <line num="10" count="16" type="stmt"/>
      <line num="18" count="16" type="stmt"/>
      <line num="19" count="16" type="stmt"/>
      <line num="20" count="16" type="cond" truecount="2" falsecount="0"/>
      <line num="21" count="12" type="stmt"/>
      <line num="30" count="8" type="stmt"/>
      <line num="33" count="16" type="cond" truecount="1" falsecount="0"/>
      <line num="34" count="8" type="stmt"/>
      <line num="35" count="8" type="stmt"/>
      <line num="37" count="8" type="cond" truecount="2" falsecount="0"/>
      <line num="39" count="8" type="cond" truecount="2" falsecount="0"/>
      <line num="40" count="8" type="cond" truecount="2" falsecount="0"/>
      <line num="41" count="7" type="stmt"/>
      <line num="48" count="16" type="stmt"/>
      <line num="49" count="5" type="stmt"/>
      <line num="52" count="5" type="stmt"/>
      <line num="56" count="40" type="stmt"/>
    </file>
    <file name="CitySearch.js" path="C:\Users\VDSte\OneDrive\Desktop\meet\src\CitySearch.js">
      <metrics statements="14" coveredstatements="14" conditionals="2" coveredconditionals="2" methods="8" coveredmethods="8"/>
      <line num="5" count="17" type="stmt"/>
      <line num="11" count="17" type="stmt"/>
      <line num="12" count="4" type="stmt"/>
      <line num="13" count="4" type="stmt"/>
      <line num="14" count="8" type="stmt"/>
      <line num="16" count="4" type="stmt"/>
      <line num="22" count="17" type="stmt"/>
      <line num="23" count="5" type="stmt"/>
      <line num="28" count="5" type="stmt"/>
      <line num="32" count="56" type="stmt"/>
      <line num="40" count="1" type="stmt"/>
      <line num="44" count="21" type="stmt"/>
      <line num="46" count="3" type="stmt"/>
      <line num="49" count="1" type="stmt"/>
    </file>
    <file name="Event.js" path="C:\Users\VDSte\OneDrive\Desktop\meet\src\Event.js">
      <metrics statements="8" coveredstatements="8" conditionals="4" coveredconditionals="4" methods="3" coveredmethods="3"/>
      <line num="5" count="22" type="stmt"/>
      <line num="9" count="22" type="stmt"/>
      <line num="10" count="5" type="cond" truecount="2" falsecount="0"/>
      <line num="15" count="22" type="stmt"/>
      <line num="16" count="43" type="cond" truecount="2" falsecount="0"/>
      <line num="17" count="5" type="stmt"/>
      <line num="22" count="43" type="stmt"/>
      <line num="23" count="43" type="stmt"/>
    </file>
    <file name="EventList.js" path="C:\Users\VDSte\OneDrive\Desktop\meet\src\EventList.js">
      <metrics statements="3" coveredstatements="3" conditionals="0" coveredconditionals="0" methods="2" coveredmethods="2"/>
      <line num="6" count="39" type="stmt"/>
      <line num="7" count="39" type="stmt"/>
      <line num="10" count="35" type="stmt"/>
    </file>
    <file name="NumberOfEvents.js" path="C:\Users\VDSte\OneDrive\Desktop\meet\src\NumberOfEvents.js">
      <metrics statements="9" coveredstatements="9" conditionals="6" coveredconditionals="6" methods="2" coveredmethods="2"/>
      <line num="4" count="16" type="stmt"/>
      <line num="8" count="16" type="stmt"/>
      <line num="9" count="7" type="stmt"/>
      <line num="10" count="7" type="cond" truecount="4" falsecount="0"/>
      <line num="11" count="6" type="stmt"/>
      <line num="12" count="6" type="cond" truecount="2" falsecount="0"/>
      <line num="13" count="5" type="stmt"/>
      <line num="15" count="1" type="stmt"/>
      <line num="20" count="41" type="stmt"/>
    </file>
    <file name="api.js" path="C:\Users\VDSte\OneDrive\Desktop\meet\src\api.js">
      <metrics statements="51" coveredstatements="13" conditionals="22" coveredconditionals="1" methods="11" coveredmethods="3"/>
      <line num="12" count="5" type="stmt"/>
      <line num="13" count="32" type="stmt"/>
      <line num="14" count="16" type="stmt"/>
      <line num="15" count="16" type="stmt"/>
      <line num="18" count="5" type="stmt"/>
      <line num="19" count="0" type="stmt"/>
      <line num="22" count="0" type="stmt"/>
      <line num="23" count="0" type="stmt"/>
      <line num="25" count="0" type="stmt"/>
      <line num="28" count="5" type="stmt"/>
      <line num="29" count="0" type="cond" truecount="0" falsecount="4"/>
      <line num="31" count="0" type="stmt"/>
      <line num="35" count="0" type="stmt"/>
      <line num="37" count="0" type="stmt"/>
      <line num="38" count="0" type="stmt"/>
      <line num="42" count="5" type="stmt"/>
      <line num="43" count="28" type="stmt"/>
      <line num="45" count="28" type="cond" truecount="1" falsecount="1"/>
      <line num="46" count="28" type="stmt"/>
      <line num="47" count="28" type="stmt"/>
      <line num="51" count="0" type="stmt"/>
      <line num="53" count="0" type="cond" truecount="0" falsecount="2"/>
      <line num="54" count="0" type="stmt"/>
      <line num="55" count="0" type="stmt"/>
      <line num="56" count="0" type="stmt"/>
      <line num="57" count="0" type="cond" truecount="0" falsecount="2"/>
      <line num="58" count="0" type="stmt"/>
      <line num="59" count="0" type="stmt"/>
      <line num="60" count="0" type="stmt"/>
      <line num="62" count="0" type="stmt"/>
      <line num="63" count="0" type="stmt"/>
      <line num="67" count="5" type="stmt"/>
      <line num="68" count="0" type="stmt"/>
      <line num="69" count="0" type="stmt"/>
      <line num="73" count="0" type="stmt"/>
      <line num="75" count="0" type="stmt"/>
      <line num="77" count="0" type="cond" truecount="0" falsecount="2"/>
      <line num="79" count="0" type="stmt"/>
      <line num="82" count="5" type="stmt"/>
      <line num="83" count="0" type="stmt"/>
      <line num="84" count="0" type="cond" truecount="0" falsecount="2"/>
      <line num="86" count="0" type="cond" truecount="0" falsecount="4"/>
      <line num="87" count="0" type="stmt"/>
      <line num="88" count="0" type="stmt"/>
      <line num="89" count="0" type="stmt"/>
      <line num="90" count="0" type="cond" truecount="0" falsecount="2"/>
      <line num="91" count="0" type="stmt"/>
      <line num="94" count="0" type="stmt"/>
      <line num="95" count="0" type="stmt"/>
      <line num="97" count="0" type="cond" truecount="0" falsecount="2"/>
      <line num="99" count="0" type="stmt"/>
    </file>
    <file name="index.js" path="C:\Users\VDSte\OneDrive\Desktop\meet\src\index.js">
      <metrics statements="5" coveredstatements="0" conditionals="0" coveredconditionals="0" methods="0" coveredmethods="0"/>
      <line num="9" count="0" type="stmt"/>
      <line num="11" count="0" type="stmt"/>
      <line num="12" count="0" type="stmt"/>
      <line num="21" count="0" type="stmt"/>
      <line num="26" count="0" type="stmt"/>
    </file>
    <file name="mock-data.js" path="C:\Users\VDSte\OneDrive\Desktop\meet\src\mock-data.js">
      <metrics statements="1" coveredstatements="1" conditionals="0" coveredconditionals="0" methods="0" coveredmethods="0"/>
      <line num="1" count="7" type="stmt"/>
    </file>
    <file name="reportWebVitals.js" path="C:\Users\VDSte\OneDrive\Desktop\meet\src\reportWebVitals.js">
      <metrics statements="8" coveredstatements="0" conditionals="4" coveredconditionals="0" methods="2" coveredmethods="0"/>
      <line num="1" count="0" type="stmt"/>
      <line num="2" count="0" type="cond" truecount="0" falsecount="4"/>
      <line num="3" count="0" type="stmt"/>
      <line num="4" count="0" type="stmt"/>
      <line num="5" count="0" type="stmt"/>
      <line num="6" count="0" type="stmt"/>
      <line num="7" count="0" type="stmt"/>
      <line num="8" count="0" type="stmt"/>
    </file>
    <file name="service-worker.js" path="C:\Users\VDSte\OneDrive\Desktop\meet\src\service-worker.js">
      <metrics statements="16" coveredstatements="0" conditionals="12" coveredconditionals="0" methods="3" coveredmethods="0"/>
      <line num="16" count="0" type="stmt"/>
      <line num="22" count="0" type="stmt"/>
      <line num="27" count="0" type="stmt"/>
      <line num="28" count="0" type="stmt"/>
      <line num="32" count="0" type="cond" truecount="0" falsecount="2"/>
      <line num="33" count="0" type="stmt"/>
      <line num="36" count="0" type="cond" truecount="0" falsecount="2"/>
      <line num="37" count="0" type="stmt"/>
      <line num="40" count="0" type="cond" truecount="0" falsecount="2"/>
      <line num="41" count="0" type="stmt"/>
      <line num="44" count="0" type="stmt"/>
      <line num="51" count="0" type="stmt"/>
      <line num="53" count="0" type="cond" truecount="0" falsecount="2"/>
      <line num="66" count="0" type="stmt"/>
      <line num="67" count="0" type="cond" truecount="0" falsecount="4"/>
      <line num="68" count="0" type="stmt"/>
    </file>
    <file name="serviceWorkerRegistration.js" path="C:\Users\VDSte\OneDrive\Desktop\meet\src\serviceWorkerRegistration.js">
      <metrics statements="39" coveredstatements="0" conditionals="32" coveredconditionals="0" methods="16" coveredmethods="0"/>
      <line num="13" count="0" type="stmt"/>
      <line num="22" count="0" type="cond" truecount="0" falsecount="4"/>
      <line num="24" count="0" type="stmt"/>
      <line num="25" count="0" type="cond" truecount="0" falsecount="2"/>
      <line num="29" count="0" type="stmt"/>
      <line num="32" count="0" type="stmt"/>
      <line num="33" count="0" type="stmt"/>
      <line num="35" count="0" type="cond" truecount="0" falsecount="2"/>
      <line num="37" count="0" type="stmt"/>
      <line num="41" count="0" type="stmt"/>
      <line num="42" count="0" type="stmt"/>
      <line num="49" count="0" type="stmt"/>
      <line num="56" count="0" type="stmt"/>
      <line num="59" count="0" type="stmt"/>
      <line num="60" count="0" type="stmt"/>
      <line num="61" count="0" type="cond" truecount="0" falsecount="2"/>
      <line num="62" count="0" type="stmt"/>
      <line num="64" count="0" type="stmt"/>
      <line num="65" count="0" type="cond" truecount="0" falsecount="2"/>
      <line num="66" count="0" type="cond" truecount="0" falsecount="2"/>
      <line num="70" count="0" type="stmt"/>
      <line num="76" count="0" type="cond" truecount="0" falsecount="4"/>
      <line num="77" count="0" type="stmt"/>
      <line num="83" count="0" type="stmt"/>
      <line num="86" count="0" type="cond" truecount="0" falsecount="4"/>
      <line num="87" count="0" type="stmt"/>
      <line num="95" count="0" type="stmt"/>
      <line num="101" count="0" type="stmt"/>
      <line num="106" count="0" type="stmt"/>
      <line num="107" count="0" type="cond" truecount="0" falsecount="2"/>
      <line num="112" count="0" type="stmt"/>
      <line num="113" count="0" type="stmt"/>
      <line num="114" count="0" type="stmt"/>
      <line num="119" count="0" type="stmt"/>
      <line num="123" count="0" type="stmt"/>
      <line num="128" count="0" type="cond" truecount="0" falsecount="2"/>
      <line num="129" count="0" type="stmt"/>
      <line num="131" count="0" type="stmt"/>
      <line num="134" count="0" type="stmt"/>
    </file>
  </project>
</coverage>
